Using pre-set license
Built from '2020.3/release' branch; Version is '2020.3.1f1 (77a89f25062f) revision 7841951'; Using compiler version '192528614'; Build Type 'Release'
OS: 'Windows 10 Pro Education; OS build 19042.1466; Version 2009; 64bit' Language: 'es' Physical Memory: 16296 MB
BatchMode: 1, IsHumanControllingUs: 0, StartBugReporterOnCrash: 0, Is64bit: 1, IsPro: 0

 COMMAND LINE ARGUMENTS:
C:\Program Files\Unity\Hub\Editor\2020.3.1f1\Editor\Unity.exe
-adb2
-batchMode
-noUpm
-name
AssetImportWorker0
-projectPath
D:/2ºAnimación/RPMI/GitHub/Repositorios/LabradorAlejandro_PR4/Zombiland
-logFile
Logs/AssetImportWorker0.log
-srvPort
50373
Successfully changed project path to: D:/2ºAnimación/RPMI/GitHub/Repositorios/LabradorAlejandro_PR4/Zombiland
D:/2ºAnimación/RPMI/GitHub/Repositorios/LabradorAlejandro_PR4/Zombiland
Using Asset Import Pipeline V2.
Refreshing native plugins compatible for Editor in 38.98 ms, found 0 plugins.
Preloading 0 native plugins for Editor in 0.00 ms.
Initialize engine version: 2020.3.1f1 (77a89f25062f)
[Subsystems] Discovering subsystems at path C:/Program Files/Unity/Hub/Editor/2020.3.1f1/Editor/Data/Resources/UnitySubsystems
[Subsystems] Discovering subsystems at path D:/2ºAnimación/RPMI/GitHub/Repositorios/LabradorAlejandro_PR4/Zombiland/Assets
GfxDevice: creating device client; threaded=0
Direct3D:
    Version:  Direct3D 11.0 [level 11.1]
    Renderer: NVIDIA GeForce GTX 1660 SUPER (ID=0x21c4)
    Vendor:   
    VRAM:     5991 MB
    Driver:   27.21.14.5730
Initialize mono
Mono path[0] = 'C:/Program Files/Unity/Hub/Editor/2020.3.1f1/Editor/Data/Managed'
Mono path[1] = 'C:/Program Files/Unity/Hub/Editor/2020.3.1f1/Editor/Data/MonoBleedingEdge/lib/mono/unityjit'
Mono config path = 'C:/Program Files/Unity/Hub/Editor/2020.3.1f1/Editor/Data/MonoBleedingEdge/etc'
Using monoOptions --debugger-agent=transport=dt_socket,embedding=1,server=y,suspend=n,address=127.0.0.1:56620
Begin MonoManager ReloadAssembly
Registering precompiled unity dll's ...
Register platform support module: C:/Program Files/Unity/Hub/Editor/2020.3.1f1/Editor/Data/PlaybackEngines/WindowsStandaloneSupport/UnityEditor.WindowsStandalone.Extensions.dll
Registered in 0.001620 seconds.
Native extension for WindowsStandalone target not found
Refreshing native plugins compatible for Editor in 42.82 ms, found 0 plugins.
Preloading 0 native plugins for Editor in 0.00 ms.
Invoked RoslynAnalysisRunner static constructor.
RoslynAnalysisRunner will not be running.
RoslynAnalysisRunner has terminated.
Mono: successfully reloaded assembly
- Completed reload, in  1.907 seconds
Platform modules already initialized, skipping
Registering precompiled user dll's ...
Registered in 0.001045 seconds.
Begin MonoManager ReloadAssembly
Native extension for WindowsStandalone target not found
Refreshing native plugins compatible for Editor in 45.00 ms, found 0 plugins.
Preloading 0 native plugins for Editor in 0.00 ms.
Invoked RoslynAnalysisRunner static constructor.
RoslynAnalysisRunner will not be running.
RoslynAnalysisRunner has terminated.
Mono: successfully reloaded assembly
- Completed reload, in  1.241 seconds
Platform modules already initialized, skipping
========================================================================
Worker process is ready to serve import requests
Shader 'Universal Render Pipeline/Particles/Lit': fallback shader 'Universal Render Pipeline/Particles/SimpleLit' not found
Shader 'Universal Render Pipeline/Particles/Lit': fallback shader 'Universal Render Pipeline/Particles/SimpleLit' not found
Launched and connected shader compiler UnityShaderCompiler.exe after 0.03 seconds
Refreshing native plugins compatible for Editor in 0.39 ms, found 0 plugins.
Preloading 0 native plugins for Editor in 0.00 ms.
Unloading 2555 Unused Serialized files (Serialized files now loaded: 0)
System memory in use before: 130.8 MB.
System memory in use after: 127.8 MB.

Unloading 69 unused Assets to reduce memory usage. Loaded Objects now: 2976.
Total: 3.541900 ms (FindLiveObjects: 0.365400 ms CreateObjectMapping: 0.140400 ms MarkObjects: 1.555800 ms  DeleteObjects: 1.479400 ms)

========================================================================
Received Import Request.
  path: Assets/Terrain/TerrainData_04d29954-d342-4b1c-b204-f1ea9599e4b5.asset
  artifactKey: Guid(7db0f05c7a0861f4a8b15fb76d6a9b3e) Importer(815301076,1909f56bfc062723c751e8b465ee728b)
Start importing Assets/Terrain/TerrainData_04d29954-d342-4b1c-b204-f1ea9599e4b5.asset using Guid(7db0f05c7a0861f4a8b15fb76d6a9b3e) Importer(815301076,1909f56bfc062723c751e8b465ee728b)  -> (artifact id: '5d364300fe73e178e8480e98264a8946') in 0.031194 seconds
  Import took 0.034968 seconds .

========================================================================
Received Import Request.
  Time since last request: 418.202044 seconds.
  path: Assets/Terrain/Terrain_0_0_a1651beb-0a4a-420b-b16e-0d50e7d87295.asset
  artifactKey: Guid(e97b6c5932cf198469745a749a6aa4bc) Importer(815301076,1909f56bfc062723c751e8b465ee728b)
Start importing Assets/Terrain/Terrain_0_0_a1651beb-0a4a-420b-b16e-0d50e7d87295.asset using Guid(e97b6c5932cf198469745a749a6aa4bc) Importer(815301076,1909f56bfc062723c751e8b465ee728b)  -> (artifact id: 'c3a49fb5c910ce1c7d3c18b9b7e259d7') in 0.007501 seconds
  Import took 0.012097 seconds .

========================================================================
Received Import Request.
  Time since last request: 0.000238 seconds.
  path: Assets/Terrain/TerrainData_04d29954-d342-4b1c-b204-f1ea9599e4b5.asset
  artifactKey: Guid(7db0f05c7a0861f4a8b15fb76d6a9b3e) Importer(815301076,1909f56bfc062723c751e8b465ee728b)
Start importing Assets/Terrain/TerrainData_04d29954-d342-4b1c-b204-f1ea9599e4b5.asset using Guid(7db0f05c7a0861f4a8b15fb76d6a9b3e) Importer(815301076,1909f56bfc062723c751e8b465ee728b)  -> (artifact id: '11ff5d5e8355c9ab6227bfb020eda121') in 0.007820 seconds
  Import took 0.011461 seconds .

========================================================================
Received Import Request.
  Time since last request: 32.917388 seconds.
  path: Assets/Terrain/NewBrush.brush
  artifactKey: Guid(357dae699532b5944831782ebd284543) Importer(815301076,1909f56bfc062723c751e8b465ee728b)
Start importing Assets/Terrain/NewBrush.brush using Guid(357dae699532b5944831782ebd284543) Importer(815301076,1909f56bfc062723c751e8b465ee728b)  -> (artifact id: '09c9b1dd281ed958ef93e6e84e02fa98') in 0.056318 seconds
  Import took 0.059800 seconds .

========================================================================
Received Import Request.
  Time since last request: 0.004842 seconds.
  path: Assets/Terrain/NewBrush.brush
  artifactKey: Guid(357dae699532b5944831782ebd284543) Importer(815301076,1909f56bfc062723c751e8b465ee728b)
Start importing Assets/Terrain/NewBrush.brush using Guid(357dae699532b5944831782ebd284543) Importer(815301076,1909f56bfc062723c751e8b465ee728b)  -> (artifact id: '09c9b1dd281ed958ef93e6e84e02fa98') in 0.004628 seconds
  Import took 0.008152 seconds .

========================================================================
Received Import Request.
  Time since last request: 1346.879379 seconds.
  path: Assets/Terrain/Terrain_0_0_a1651beb-0a4a-420b-b16e-0d50e7d87295.asset
  artifactKey: Guid(e97b6c5932cf198469745a749a6aa4bc) Importer(815301076,1909f56bfc062723c751e8b465ee728b)
Start importing Assets/Terrain/Terrain_0_0_a1651beb-0a4a-420b-b16e-0d50e7d87295.asset using Guid(e97b6c5932cf198469745a749a6aa4bc) Importer(815301076,1909f56bfc062723c751e8b465ee728b)  -> (artifact id: '53e142db33147b7abb244e288ec4601f') in 0.007121 seconds
  Import took 0.011814 seconds .

========================================================================
Received Import Request.
  Time since last request: 403.282729 seconds.
  path: Assets/Terrain/Terrain_0_0_a1651beb-0a4a-420b-b16e-0d50e7d87295.asset
  artifactKey: Guid(e97b6c5932cf198469745a749a6aa4bc) Importer(815301076,1909f56bfc062723c751e8b465ee728b)
Start importing Assets/Terrain/Terrain_0_0_a1651beb-0a4a-420b-b16e-0d50e7d87295.asset using Guid(e97b6c5932cf198469745a749a6aa4bc) Importer(815301076,1909f56bfc062723c751e8b465ee728b)  -> (artifact id: 'dfeddb26ec7983c3113b5d5d992a30ae') in 0.007246 seconds
  Import took 0.011849 seconds .

