Using pre-set license
Built from '2020.3/release' branch; Version is '2020.3.1f1 (77a89f25062f) revision 7841951'; Using compiler version '192528614'; Build Type 'Release'
OS: 'Windows 10 Pro Education; OS build 19042.1466; Version 2009; 64bit' Language: 'es' Physical Memory: 16296 MB
BatchMode: 1, IsHumanControllingUs: 0, StartBugReporterOnCrash: 0, Is64bit: 1, IsPro: 0

 COMMAND LINE ARGUMENTS:
C:\Program Files\Unity\Hub\Editor\2020.3.1f1\Editor\Unity.exe
-adb2
-batchMode
-noUpm
-name
AssetImportWorker0
-projectPath
C:/Users/ani/Desktop/LabradorAlejandro_PR4/Zombiland
-logFile
Logs/AssetImportWorker0.log
-srvPort
62101
Successfully changed project path to: C:/Users/ani/Desktop/LabradorAlejandro_PR4/Zombiland
C:/Users/ani/Desktop/LabradorAlejandro_PR4/Zombiland
Using Asset Import Pipeline V2.
Refreshing native plugins compatible for Editor in 53.82 ms, found 0 plugins.
Preloading 0 native plugins for Editor in 0.00 ms.
Initialize engine version: 2020.3.1f1 (77a89f25062f)
[Subsystems] Discovering subsystems at path C:/Program Files/Unity/Hub/Editor/2020.3.1f1/Editor/Data/Resources/UnitySubsystems
[Subsystems] Discovering subsystems at path C:/Users/ani/Desktop/LabradorAlejandro_PR4/Zombiland/Assets
GfxDevice: creating device client; threaded=0
Direct3D:
    Version:  Direct3D 11.0 [level 11.1]
    Renderer: NVIDIA GeForce GTX 1660 SUPER (ID=0x21c4)
    Vendor:   
    VRAM:     5991 MB
    Driver:   27.21.14.5730
Shader 'Universal Render Pipeline/Particles/Lit': fallback shader 'Universal Render Pipeline/Particles/SimpleLit' not found
Initialize mono
Mono path[0] = 'C:/Program Files/Unity/Hub/Editor/2020.3.1f1/Editor/Data/Managed'
Mono path[1] = 'C:/Program Files/Unity/Hub/Editor/2020.3.1f1/Editor/Data/MonoBleedingEdge/lib/mono/unityjit'
Mono config path = 'C:/Program Files/Unity/Hub/Editor/2020.3.1f1/Editor/Data/MonoBleedingEdge/etc'
Using monoOptions --debugger-agent=transport=dt_socket,embedding=1,server=y,suspend=n,address=127.0.0.1:56652
Begin MonoManager ReloadAssembly
Registering precompiled unity dll's ...
Register platform support module: C:/Program Files/Unity/Hub/Editor/2020.3.1f1/Editor/Data/PlaybackEngines/WindowsStandaloneSupport/UnityEditor.WindowsStandalone.Extensions.dll
Registered in 0.001740 seconds.
Native extension for WindowsStandalone target not found
Refreshing native plugins compatible for Editor in 55.73 ms, found 0 plugins.
Preloading 0 native plugins for Editor in 0.00 ms.
Invoked RoslynAnalysisRunner static constructor.
RoslynAnalysisRunner will not be running.
RoslynAnalysisRunner has terminated.
Mono: successfully reloaded assembly
- Completed reload, in  1.976 seconds
Platform modules already initialized, skipping
Registering precompiled user dll's ...
Registered in 0.001267 seconds.
Begin MonoManager ReloadAssembly
Native extension for WindowsStandalone target not found
Refreshing native plugins compatible for Editor in 53.59 ms, found 0 plugins.
Preloading 0 native plugins for Editor in 0.00 ms.
Invoked RoslynAnalysisRunner static constructor.
RoslynAnalysisRunner will not be running.
RoslynAnalysisRunner has terminated.
Mono: successfully reloaded assembly
- Completed reload, in  1.282 seconds
Platform modules already initialized, skipping
========================================================================
Worker process is ready to serve import requests
Shader 'Universal Render Pipeline/Particles/Lit': fallback shader 'Universal Render Pipeline/Particles/SimpleLit' not found
Launched and connected shader compiler UnityShaderCompiler.exe after 0.03 seconds
Refreshing native plugins compatible for Editor in 0.49 ms, found 0 plugins.
Preloading 0 native plugins for Editor in 0.00 ms.
Unloading 3003 Unused Serialized files (Serialized files now loaded: 0)
System memory in use before: 172.8 MB.
System memory in use after: 173.0 MB.

Unloading 24 unused Assets to reduce memory usage. Loaded Objects now: 3477.
Total: 2.545000 ms (FindLiveObjects: 0.475600 ms CreateObjectMapping: 0.185500 ms MarkObjects: 1.779600 ms  DeleteObjects: 0.103400 ms)

========================================================================
Received Import Request.
  path: Assets/TerrainLayers/arena.terrainlayer
  artifactKey: Guid(aba6f94950a74f44eb961b8feab29a32) Importer(815301076,1909f56bfc062723c751e8b465ee728b)
Start importing Assets/TerrainLayers/arena.terrainlayer using Guid(aba6f94950a74f44eb961b8feab29a32) Importer(815301076,1909f56bfc062723c751e8b465ee728b)  -> (artifact id: 'adf1a7543b33e6b3661eedde915dba19') in 0.324378 seconds
  Import took 0.328663 seconds .

========================================================================
Received Import Request.
  Time since last request: 0.000160 seconds.
  path: Assets/TerrainLayers/arena 2.terrainlayer
  artifactKey: Guid(808532edb662c764fb84772c89a197ed) Importer(815301076,1909f56bfc062723c751e8b465ee728b)
Start importing Assets/TerrainLayers/arena 2.terrainlayer using Guid(808532edb662c764fb84772c89a197ed) Importer(815301076,1909f56bfc062723c751e8b465ee728b)  -> (artifact id: 'f7eee7da685721a2fb1bd2178cb4d7a5') in 0.321134 seconds
  Import took 0.325309 seconds .

========================================================================
Received Import Request.
  Time since last request: 0.000189 seconds.
  path: Assets/Scripts/ZombiMove.cs
  artifactKey: Guid(442f3502a18184647af7b7a5e289e88e) Importer(815301076,1909f56bfc062723c751e8b465ee728b)
Start importing Assets/Scripts/ZombiMove.cs using Guid(442f3502a18184647af7b7a5e289e88e) Importer(815301076,1909f56bfc062723c751e8b465ee728b)  -> (artifact id: 'c8cd79e38a2883866c050a1ac987dc02') in 0.013839 seconds
  Import took 0.017738 seconds .

========================================================================
Received Import Request.
  Time since last request: 0.000190 seconds.
  path: Assets/TerrainLayers/arena 1.terrainlayer
  artifactKey: Guid(384fc9929eb09cf4fa8209573580e81a) Importer(815301076,1909f56bfc062723c751e8b465ee728b)
Start importing Assets/TerrainLayers/arena 1.terrainlayer using Guid(384fc9929eb09cf4fa8209573580e81a) Importer(815301076,1909f56bfc062723c751e8b465ee728b)  -> (artifact id: '12b38d28cc54e876ef1a317b63defb7f') in 1.182011 seconds
  Import took 1.186956 seconds .

========================================================================
Received Prepare
Shader 'Universal Render Pipeline/Particles/Lit': fallback shader 'Universal Render Pipeline/Particles/SimpleLit' not found
Refreshing native plugins compatible for Editor in 1.07 ms, found 0 plugins.
Preloading 0 native plugins for Editor in 0.00 ms.
Unloading 4 Unused Serialized files (Serialized files now loaded: 0)
System memory in use before: 110.8 MB.
System memory in use after: 111.0 MB.

Unloading 4 unused Assets to reduce memory usage. Loaded Objects now: 3482.
Total: 2.839700 ms (FindLiveObjects: 0.405500 ms CreateObjectMapping: 0.128900 ms MarkObjects: 2.229200 ms  DeleteObjects: 0.075200 ms)

========================================================================
Received Import Request.
  Time since last request: 28.292407 seconds.
  path: Assets/Scripts/ZombiMove.cs
  artifactKey: Guid(442f3502a18184647af7b7a5e289e88e) Importer(815301076,1909f56bfc062723c751e8b465ee728b)
Start importing Assets/Scripts/ZombiMove.cs using Guid(442f3502a18184647af7b7a5e289e88e) Importer(815301076,1909f56bfc062723c751e8b465ee728b)  -> (artifact id: '61c159eea379f2d71ec844f0fceb49f1') in 0.001792 seconds
  Import took 0.006025 seconds .

========================================================================
Received Prepare
Registering precompiled user dll's ...
Registered in 0.001137 seconds.
Begin MonoManager ReloadAssembly
Native extension for WindowsStandalone target not found
Refreshing native plugins compatible for Editor in 0.47 ms, found 0 plugins.
Preloading 0 native plugins for Editor in 0.00 ms.
Invoked RoslynAnalysisRunner static constructor.
RoslynAnalysisRunner will not be running.
RoslynAnalysisRunner has terminated.
Mono: successfully reloaded assembly
- Completed reload, in  1.185 seconds
Platform modules already initialized, skipping
Shader 'Universal Render Pipeline/Particles/Lit': fallback shader 'Universal Render Pipeline/Particles/SimpleLit' not found
Refreshing native plugins compatible for Editor in 0.51 ms, found 0 plugins.
Preloading 0 native plugins for Editor in 0.00 ms.
Unloading 2900 Unused Serialized files (Serialized files now loaded: 0)
System memory in use before: 168.3 MB.
System memory in use after: 168.5 MB.

Unloading 7 unused Assets to reduce memory usage. Loaded Objects now: 3485.
Total: 2.222200 ms (FindLiveObjects: 0.287800 ms CreateObjectMapping: 0.106300 ms MarkObjects: 1.716300 ms  DeleteObjects: 0.110900 ms)

